<?xml version="1.0" encoding="UTF-8"?>
<testsuite xmlns:xsi="http://www.w3.org/2001/XMLSchema-instance" xsi:noNamespaceSchemaLocation="https://maven.apache.org/surefire/maven-surefire-plugin/xsd/surefire-test-report.xsd" name="com.leekoko.nytzj.flow.dao.YwFlowRelationDaoTest" time="6.719" tests="1" errors="0" skipped="0" failures="0">
  <properties>
    <property name="sun.desktop" value="windows"/>
    <property name="awt.toolkit" value="sun.awt.windows.WToolkit"/>
    <property name="file.encoding.pkg" value="sun.io"/>
    <property name="java.specification.version" value="1.8"/>
    <property name="sun.cpu.isalist" value="amd64"/>
    <property name="sun.jnu.encoding" value="GBK"/>
    <property name="java.class.path" value="D:\program-workplace\github_place\DemoCode\maven-project\target\test-classes;D:\program-workplace\github_place\DemoCode\maven-project\target\classes;D:\system-data\SOArepository\org\springframework\boot\spring-boot-starter-web\2.1.6.RELEASE\spring-boot-starter-web-2.1.6.RELEASE.jar;D:\system-data\SOArepository\org\springframework\boot\spring-boot-starter\2.1.6.RELEASE\spring-boot-starter-2.1.6.RELEASE.jar;D:\system-data\SOArepository\org\springframework\boot\spring-boot\2.1.6.RELEASE\spring-boot-2.1.6.RELEASE.jar;D:\system-data\SOArepository\org\springframework\boot\spring-boot-starter-logging\2.1.6.RELEASE\spring-boot-starter-logging-2.1.6.RELEASE.jar;D:\system-data\SOArepository\ch\qos\logback\logback-classic\1.2.3\logback-classic-1.2.3.jar;D:\system-data\SOArepository\ch\qos\logback\logback-core\1.2.3\logback-core-1.2.3.jar;D:\system-data\SOArepository\org\apache\logging\log4j\log4j-to-slf4j\2.11.2\log4j-to-slf4j-2.11.2.jar;D:\system-data\SOArepository\org\apache\logging\log4j\log4j-api\2.11.2\log4j-api-2.11.2.jar;D:\system-data\SOArepository\org\slf4j\jul-to-slf4j\1.7.26\jul-to-slf4j-1.7.26.jar;D:\system-data\SOArepository\javax\annotation\javax.annotation-api\1.3.2\javax.annotation-api-1.3.2.jar;D:\system-data\SOArepository\org\yaml\snakeyaml\1.23\snakeyaml-1.23.jar;D:\system-data\SOArepository\org\springframework\boot\spring-boot-starter-json\2.1.6.RELEASE\spring-boot-starter-json-2.1.6.RELEASE.jar;D:\system-data\SOArepository\com\fasterxml\jackson\core\jackson-databind\2.9.9\jackson-databind-2.9.9.jar;D:\system-data\SOArepository\com\fasterxml\jackson\core\jackson-annotations\2.9.0\jackson-annotations-2.9.0.jar;D:\system-data\SOArepository\com\fasterxml\jackson\core\jackson-core\2.9.9\jackson-core-2.9.9.jar;D:\system-data\SOArepository\com\fasterxml\jackson\datatype\jackson-datatype-jdk8\2.9.9\jackson-datatype-jdk8-2.9.9.jar;D:\system-data\SOArepository\com\fasterxml\jackson\datatype\jackson-datatype-jsr310\2.9.9\jackson-datatype-jsr310-2.9.9.jar;D:\system-data\SOArepository\com\fasterxml\jackson\module\jackson-module-parameter-names\2.9.9\jackson-module-parameter-names-2.9.9.jar;D:\system-data\SOArepository\org\springframework\boot\spring-boot-starter-tomcat\2.1.6.RELEASE\spring-boot-starter-tomcat-2.1.6.RELEASE.jar;D:\system-data\SOArepository\org\apache\tomcat\embed\tomcat-embed-core\9.0.21\tomcat-embed-core-9.0.21.jar;D:\system-data\SOArepository\org\apache\tomcat\embed\tomcat-embed-el\9.0.21\tomcat-embed-el-9.0.21.jar;D:\system-data\SOArepository\org\apache\tomcat\embed\tomcat-embed-websocket\9.0.21\tomcat-embed-websocket-9.0.21.jar;D:\system-data\SOArepository\org\hibernate\validator\hibernate-validator\6.0.17.Final\hibernate-validator-6.0.17.Final.jar;D:\system-data\SOArepository\javax\validation\validation-api\2.0.1.Final\validation-api-2.0.1.Final.jar;D:\system-data\SOArepository\org\jboss\logging\jboss-logging\3.3.2.Final\jboss-logging-3.3.2.Final.jar;D:\system-data\SOArepository\com\fasterxml\classmate\1.4.0\classmate-1.4.0.jar;D:\system-data\SOArepository\org\springframework\spring-web\5.1.8.RELEASE\spring-web-5.1.8.RELEASE.jar;D:\system-data\SOArepository\org\springframework\spring-beans\5.1.8.RELEASE\spring-beans-5.1.8.RELEASE.jar;D:\system-data\SOArepository\org\springframework\spring-webmvc\5.1.8.RELEASE\spring-webmvc-5.1.8.RELEASE.jar;D:\system-data\SOArepository\org\springframework\spring-aop\5.1.8.RELEASE\spring-aop-5.1.8.RELEASE.jar;D:\system-data\SOArepository\org\springframework\spring-context\5.1.8.RELEASE\spring-context-5.1.8.RELEASE.jar;D:\system-data\SOArepository\org\springframework\spring-expression\5.1.8.RELEASE\spring-expression-5.1.8.RELEASE.jar;D:\system-data\SOArepository\org\springframework\boot\spring-boot-starter-web-services\2.1.6.RELEASE\spring-boot-starter-web-services-2.1.6.RELEASE.jar;D:\system-data\SOArepository\com\sun\xml\messaging\saaj\saaj-impl\1.5.0\saaj-impl-1.5.0.jar;D:\system-data\SOArepository\javax\xml\soap\javax.xml.soap-api\1.4.0\javax.xml.soap-api-1.4.0.jar;D:\system-data\SOArepository\org\jvnet\mimepull\mimepull\1.9.11\mimepull-1.9.11.jar;D:\system-data\SOArepository\org\jvnet\staxex\stax-ex\1.8\stax-ex-1.8.jar;D:\system-data\SOArepository\javax\xml\ws\jaxws-api\2.3.1\jaxws-api-2.3.1.jar;D:\system-data\SOArepository\javax\xml\bind\jaxb-api\2.3.1\jaxb-api-2.3.1.jar;D:\system-data\SOArepository\javax\activation\javax.activation-api\1.2.0\javax.activation-api-1.2.0.jar;D:\system-data\SOArepository\org\springframework\spring-oxm\5.1.8.RELEASE\spring-oxm-5.1.8.RELEASE.jar;D:\system-data\SOArepository\org\springframework\ws\spring-ws-core\3.0.7.RELEASE\spring-ws-core-3.0.7.RELEASE.jar;D:\system-data\SOArepository\org\springframework\ws\spring-xml\3.0.7.RELEASE\spring-xml-3.0.7.RELEASE.jar;D:\system-data\SOArepository\commons-io\commons-io\2.5\commons-io-2.5.jar;D:\system-data\SOArepository\mysql\mysql-connector-java\8.0.16\mysql-connector-java-8.0.16.jar;D:\system-data\SOArepository\com\alibaba\druid\1.0.18\druid-1.0.18.jar;C:\Program Files\Java\jdk1.8.0_92\jre\..\lib\jconsole.jar;C:\Program Files\Java\jdk1.8.0_92\jre\..\lib\tools.jar;D:\system-data\SOArepository\com\baomidou\mybatis-plus-boot-starter\3.4.1\mybatis-plus-boot-starter-3.4.1.jar;D:\system-data\SOArepository\com\baomidou\mybatis-plus\3.4.1\mybatis-plus-3.4.1.jar;D:\system-data\SOArepository\com\baomidou\mybatis-plus-extension\3.4.1\mybatis-plus-extension-3.4.1.jar;D:\system-data\SOArepository\com\baomidou\mybatis-plus-core\3.4.1\mybatis-plus-core-3.4.1.jar;D:\system-data\SOArepository\com\baomidou\mybatis-plus-annotation\3.4.1\mybatis-plus-annotation-3.4.1.jar;D:\system-data\SOArepository\com\github\jsqlparser\jsqlparser\3.2\jsqlparser-3.2.jar;D:\system-data\SOArepository\org\mybatis\mybatis\3.5.6\mybatis-3.5.6.jar;D:\system-data\SOArepository\org\mybatis\mybatis-spring\2.0.5\mybatis-spring-2.0.5.jar;D:\system-data\SOArepository\org\springframework\boot\spring-boot-autoconfigure\2.1.6.RELEASE\spring-boot-autoconfigure-2.1.6.RELEASE.jar;D:\system-data\SOArepository\org\springframework\boot\spring-boot-starter-jdbc\2.1.6.RELEASE\spring-boot-starter-jdbc-2.1.6.RELEASE.jar;D:\system-data\SOArepository\com\zaxxer\HikariCP\3.2.0\HikariCP-3.2.0.jar;D:\system-data\SOArepository\org\springframework\spring-jdbc\5.1.8.RELEASE\spring-jdbc-5.1.8.RELEASE.jar;D:\system-data\SOArepository\org\springframework\spring-tx\5.1.8.RELEASE\spring-tx-5.1.8.RELEASE.jar;D:\system-data\SOArepository\org\springframework\boot\spring-boot-starter-test\2.1.6.RELEASE\spring-boot-starter-test-2.1.6.RELEASE.jar;D:\system-data\SOArepository\org\springframework\boot\spring-boot-test\2.1.6.RELEASE\spring-boot-test-2.1.6.RELEASE.jar;D:\system-data\SOArepository\org\springframework\boot\spring-boot-test-autoconfigure\2.1.6.RELEASE\spring-boot-test-autoconfigure-2.1.6.RELEASE.jar;D:\system-data\SOArepository\com\jayway\jsonpath\json-path\2.4.0\json-path-2.4.0.jar;D:\system-data\SOArepository\net\minidev\json-smart\2.3\json-smart-2.3.jar;D:\system-data\SOArepository\net\minidev\accessors-smart\1.2\accessors-smart-1.2.jar;D:\system-data\SOArepository\org\ow2\asm\asm\5.0.4\asm-5.0.4.jar;D:\system-data\SOArepository\org\slf4j\slf4j-api\1.7.26\slf4j-api-1.7.26.jar;D:\system-data\SOArepository\junit\junit\4.12\junit-4.12.jar;D:\system-data\SOArepository\org\assertj\assertj-core\3.11.1\assertj-core-3.11.1.jar;D:\system-data\SOArepository\org\mockito\mockito-core\2.23.4\mockito-core-2.23.4.jar;D:\system-data\SOArepository\net\bytebuddy\byte-buddy\1.9.13\byte-buddy-1.9.13.jar;D:\system-data\SOArepository\net\bytebuddy\byte-buddy-agent\1.9.13\byte-buddy-agent-1.9.13.jar;D:\system-data\SOArepository\org\objenesis\objenesis\2.6\objenesis-2.6.jar;D:\system-data\SOArepository\org\hamcrest\hamcrest-core\1.3\hamcrest-core-1.3.jar;D:\system-data\SOArepository\org\hamcrest\hamcrest-library\1.3\hamcrest-library-1.3.jar;D:\system-data\SOArepository\org\skyscreamer\jsonassert\1.5.0\jsonassert-1.5.0.jar;D:\system-data\SOArepository\com\vaadin\external\google\android-json\0.0.20131108.vaadin1\android-json-0.0.20131108.vaadin1.jar;D:\system-data\SOArepository\org\springframework\spring-core\5.1.8.RELEASE\spring-core-5.1.8.RELEASE.jar;D:\system-data\SOArepository\org\springframework\spring-jcl\5.1.8.RELEASE\spring-jcl-5.1.8.RELEASE.jar;D:\system-data\SOArepository\org\springframework\spring-test\5.1.8.RELEASE\spring-test-5.1.8.RELEASE.jar;D:\system-data\SOArepository\org\xmlunit\xmlunit-core\2.6.2\xmlunit-core-2.6.2.jar;D:\system-data\SOArepository\org\projectlombok\lombok\1.16.10\lombok-1.16.10.jar;D:\system-data\SOArepository\org\apache\rocketmq\rocketmq-spring-boot-starter\2.0.1\rocketmq-spring-boot-starter-2.0.1.jar;D:\system-data\SOArepository\org\apache\rocketmq\rocketmq-spring-boot\2.0.1\rocketmq-spring-boot-2.0.1.jar;D:\system-data\SOArepository\org\apache\rocketmq\rocketmq-client\4.3.2\rocketmq-client-4.3.2.jar;D:\system-data\SOArepository\org\apache\rocketmq\rocketmq-common\4.3.2\rocketmq-common-4.3.2.jar;D:\system-data\SOArepository\org\apache\rocketmq\rocketmq-remoting\4.3.2\rocketmq-remoting-4.3.2.jar;D:\system-data\SOArepository\com\alibaba\fastjson\1.2.51\fastjson-1.2.51.jar;D:\system-data\SOArepository\io\netty\netty-all\4.1.36.Final\netty-all-4.1.36.Final.jar;D:\system-data\SOArepository\org\apache\rocketmq\rocketmq-logging\4.3.2\rocketmq-logging-4.3.2.jar;D:\system-data\SOArepository\io\netty\netty-tcnative-boringssl-static\2.0.25.Final\netty-tcnative-boringssl-static-2.0.25.Final.jar;D:\system-data\SOArepository\org\apache\commons\commons-lang3\3.8.1\commons-lang3-3.8.1.jar;D:\system-data\SOArepository\org\springframework\spring-messaging\5.1.8.RELEASE\spring-messaging-5.1.8.RELEASE.jar;D:\system-data\SOArepository\org\springframework\boot\spring-boot-starter-validation\2.1.6.RELEASE\spring-boot-starter-validation-2.1.6.RELEASE.jar;D:\system-data\SOArepository\commons-validator\commons-validator\1.6\commons-validator-1.6.jar;D:\system-data\SOArepository\commons-beanutils\commons-beanutils\1.9.2\commons-beanutils-1.9.2.jar;D:\system-data\SOArepository\commons-digester\commons-digester\1.8.1\commons-digester-1.8.1.jar;D:\system-data\SOArepository\commons-logging\commons-logging\1.2\commons-logging-1.2.jar;D:\system-data\SOArepository\commons-collections\commons-collections\3.2.2\commons-collections-3.2.2.jar;"/>
    <property name="java.vm.vendor" value="Oracle Corporation"/>
    <property name="sun.arch.data.model" value="64"/>
    <property name="user.variant" value=""/>
    <property name="java.vendor.url" value="http://java.oracle.com/"/>
    <property name="user.timezone" value="Asia/Shanghai"/>
    <property name="java.vm.specification.version" value="1.8"/>
    <property name="os.name" value="Windows 10"/>
    <property name="user.country" value="CN"/>
    <property name="sun.java.launcher" value="SUN_STANDARD"/>
    <property name="sun.boot.library.path" value="C:\Program Files\Java\jdk1.8.0_92\jre\bin"/>
    <property name="sun.java.command" value="C:\Users\liyb\AppData\Local\Temp\surefire9040841606712062190\surefirebooter8130982798683611679.jar C:\Users\liyb\AppData\Local\Temp\surefire9040841606712062190 2021-03-23T14-49-30_879-jvmRun1 surefire4522802735843906871tmp surefire_07864857855737673345tmp"/>
    <property name="surefire.test.class.path" value="D:\program-workplace\github_place\DemoCode\maven-project\target\test-classes;D:\program-workplace\github_place\DemoCode\maven-project\target\classes;D:\system-data\SOArepository\org\springframework\boot\spring-boot-starter-web\2.1.6.RELEASE\spring-boot-starter-web-2.1.6.RELEASE.jar;D:\system-data\SOArepository\org\springframework\boot\spring-boot-starter\2.1.6.RELEASE\spring-boot-starter-2.1.6.RELEASE.jar;D:\system-data\SOArepository\org\springframework\boot\spring-boot\2.1.6.RELEASE\spring-boot-2.1.6.RELEASE.jar;D:\system-data\SOArepository\org\springframework\boot\spring-boot-starter-logging\2.1.6.RELEASE\spring-boot-starter-logging-2.1.6.RELEASE.jar;D:\system-data\SOArepository\ch\qos\logback\logback-classic\1.2.3\logback-classic-1.2.3.jar;D:\system-data\SOArepository\ch\qos\logback\logback-core\1.2.3\logback-core-1.2.3.jar;D:\system-data\SOArepository\org\apache\logging\log4j\log4j-to-slf4j\2.11.2\log4j-to-slf4j-2.11.2.jar;D:\system-data\SOArepository\org\apache\logging\log4j\log4j-api\2.11.2\log4j-api-2.11.2.jar;D:\system-data\SOArepository\org\slf4j\jul-to-slf4j\1.7.26\jul-to-slf4j-1.7.26.jar;D:\system-data\SOArepository\javax\annotation\javax.annotation-api\1.3.2\javax.annotation-api-1.3.2.jar;D:\system-data\SOArepository\org\yaml\snakeyaml\1.23\snakeyaml-1.23.jar;D:\system-data\SOArepository\org\springframework\boot\spring-boot-starter-json\2.1.6.RELEASE\spring-boot-starter-json-2.1.6.RELEASE.jar;D:\system-data\SOArepository\com\fasterxml\jackson\core\jackson-databind\2.9.9\jackson-databind-2.9.9.jar;D:\system-data\SOArepository\com\fasterxml\jackson\core\jackson-annotations\2.9.0\jackson-annotations-2.9.0.jar;D:\system-data\SOArepository\com\fasterxml\jackson\core\jackson-core\2.9.9\jackson-core-2.9.9.jar;D:\system-data\SOArepository\com\fasterxml\jackson\datatype\jackson-datatype-jdk8\2.9.9\jackson-datatype-jdk8-2.9.9.jar;D:\system-data\SOArepository\com\fasterxml\jackson\datatype\jackson-datatype-jsr310\2.9.9\jackson-datatype-jsr310-2.9.9.jar;D:\system-data\SOArepository\com\fasterxml\jackson\module\jackson-module-parameter-names\2.9.9\jackson-module-parameter-names-2.9.9.jar;D:\system-data\SOArepository\org\springframework\boot\spring-boot-starter-tomcat\2.1.6.RELEASE\spring-boot-starter-tomcat-2.1.6.RELEASE.jar;D:\system-data\SOArepository\org\apache\tomcat\embed\tomcat-embed-core\9.0.21\tomcat-embed-core-9.0.21.jar;D:\system-data\SOArepository\org\apache\tomcat\embed\tomcat-embed-el\9.0.21\tomcat-embed-el-9.0.21.jar;D:\system-data\SOArepository\org\apache\tomcat\embed\tomcat-embed-websocket\9.0.21\tomcat-embed-websocket-9.0.21.jar;D:\system-data\SOArepository\org\hibernate\validator\hibernate-validator\6.0.17.Final\hibernate-validator-6.0.17.Final.jar;D:\system-data\SOArepository\javax\validation\validation-api\2.0.1.Final\validation-api-2.0.1.Final.jar;D:\system-data\SOArepository\org\jboss\logging\jboss-logging\3.3.2.Final\jboss-logging-3.3.2.Final.jar;D:\system-data\SOArepository\com\fasterxml\classmate\1.4.0\classmate-1.4.0.jar;D:\system-data\SOArepository\org\springframework\spring-web\5.1.8.RELEASE\spring-web-5.1.8.RELEASE.jar;D:\system-data\SOArepository\org\springframework\spring-beans\5.1.8.RELEASE\spring-beans-5.1.8.RELEASE.jar;D:\system-data\SOArepository\org\springframework\spring-webmvc\5.1.8.RELEASE\spring-webmvc-5.1.8.RELEASE.jar;D:\system-data\SOArepository\org\springframework\spring-aop\5.1.8.RELEASE\spring-aop-5.1.8.RELEASE.jar;D:\system-data\SOArepository\org\springframework\spring-context\5.1.8.RELEASE\spring-context-5.1.8.RELEASE.jar;D:\system-data\SOArepository\org\springframework\spring-expression\5.1.8.RELEASE\spring-expression-5.1.8.RELEASE.jar;D:\system-data\SOArepository\org\springframework\boot\spring-boot-starter-web-services\2.1.6.RELEASE\spring-boot-starter-web-services-2.1.6.RELEASE.jar;D:\system-data\SOArepository\com\sun\xml\messaging\saaj\saaj-impl\1.5.0\saaj-impl-1.5.0.jar;D:\system-data\SOArepository\javax\xml\soap\javax.xml.soap-api\1.4.0\javax.xml.soap-api-1.4.0.jar;D:\system-data\SOArepository\org\jvnet\mimepull\mimepull\1.9.11\mimepull-1.9.11.jar;D:\system-data\SOArepository\org\jvnet\staxex\stax-ex\1.8\stax-ex-1.8.jar;D:\system-data\SOArepository\javax\xml\ws\jaxws-api\2.3.1\jaxws-api-2.3.1.jar;D:\system-data\SOArepository\javax\xml\bind\jaxb-api\2.3.1\jaxb-api-2.3.1.jar;D:\system-data\SOArepository\javax\activation\javax.activation-api\1.2.0\javax.activation-api-1.2.0.jar;D:\system-data\SOArepository\org\springframework\spring-oxm\5.1.8.RELEASE\spring-oxm-5.1.8.RELEASE.jar;D:\system-data\SOArepository\org\springframework\ws\spring-ws-core\3.0.7.RELEASE\spring-ws-core-3.0.7.RELEASE.jar;D:\system-data\SOArepository\org\springframework\ws\spring-xml\3.0.7.RELEASE\spring-xml-3.0.7.RELEASE.jar;D:\system-data\SOArepository\commons-io\commons-io\2.5\commons-io-2.5.jar;D:\system-data\SOArepository\mysql\mysql-connector-java\8.0.16\mysql-connector-java-8.0.16.jar;D:\system-data\SOArepository\com\alibaba\druid\1.0.18\druid-1.0.18.jar;C:\Program Files\Java\jdk1.8.0_92\jre\..\lib\jconsole.jar;C:\Program Files\Java\jdk1.8.0_92\jre\..\lib\tools.jar;D:\system-data\SOArepository\com\baomidou\mybatis-plus-boot-starter\3.4.1\mybatis-plus-boot-starter-3.4.1.jar;D:\system-data\SOArepository\com\baomidou\mybatis-plus\3.4.1\mybatis-plus-3.4.1.jar;D:\system-data\SOArepository\com\baomidou\mybatis-plus-extension\3.4.1\mybatis-plus-extension-3.4.1.jar;D:\system-data\SOArepository\com\baomidou\mybatis-plus-core\3.4.1\mybatis-plus-core-3.4.1.jar;D:\system-data\SOArepository\com\baomidou\mybatis-plus-annotation\3.4.1\mybatis-plus-annotation-3.4.1.jar;D:\system-data\SOArepository\com\github\jsqlparser\jsqlparser\3.2\jsqlparser-3.2.jar;D:\system-data\SOArepository\org\mybatis\mybatis\3.5.6\mybatis-3.5.6.jar;D:\system-data\SOArepository\org\mybatis\mybatis-spring\2.0.5\mybatis-spring-2.0.5.jar;D:\system-data\SOArepository\org\springframework\boot\spring-boot-autoconfigure\2.1.6.RELEASE\spring-boot-autoconfigure-2.1.6.RELEASE.jar;D:\system-data\SOArepository\org\springframework\boot\spring-boot-starter-jdbc\2.1.6.RELEASE\spring-boot-starter-jdbc-2.1.6.RELEASE.jar;D:\system-data\SOArepository\com\zaxxer\HikariCP\3.2.0\HikariCP-3.2.0.jar;D:\system-data\SOArepository\org\springframework\spring-jdbc\5.1.8.RELEASE\spring-jdbc-5.1.8.RELEASE.jar;D:\system-data\SOArepository\org\springframework\spring-tx\5.1.8.RELEASE\spring-tx-5.1.8.RELEASE.jar;D:\system-data\SOArepository\org\springframework\boot\spring-boot-starter-test\2.1.6.RELEASE\spring-boot-starter-test-2.1.6.RELEASE.jar;D:\system-data\SOArepository\org\springframework\boot\spring-boot-test\2.1.6.RELEASE\spring-boot-test-2.1.6.RELEASE.jar;D:\system-data\SOArepository\org\springframework\boot\spring-boot-test-autoconfigure\2.1.6.RELEASE\spring-boot-test-autoconfigure-2.1.6.RELEASE.jar;D:\system-data\SOArepository\com\jayway\jsonpath\json-path\2.4.0\json-path-2.4.0.jar;D:\system-data\SOArepository\net\minidev\json-smart\2.3\json-smart-2.3.jar;D:\system-data\SOArepository\net\minidev\accessors-smart\1.2\accessors-smart-1.2.jar;D:\system-data\SOArepository\org\ow2\asm\asm\5.0.4\asm-5.0.4.jar;D:\system-data\SOArepository\org\slf4j\slf4j-api\1.7.26\slf4j-api-1.7.26.jar;D:\system-data\SOArepository\junit\junit\4.12\junit-4.12.jar;D:\system-data\SOArepository\org\assertj\assertj-core\3.11.1\assertj-core-3.11.1.jar;D:\system-data\SOArepository\org\mockito\mockito-core\2.23.4\mockito-core-2.23.4.jar;D:\system-data\SOArepository\net\bytebuddy\byte-buddy\1.9.13\byte-buddy-1.9.13.jar;D:\system-data\SOArepository\net\bytebuddy\byte-buddy-agent\1.9.13\byte-buddy-agent-1.9.13.jar;D:\system-data\SOArepository\org\objenesis\objenesis\2.6\objenesis-2.6.jar;D:\system-data\SOArepository\org\hamcrest\hamcrest-core\1.3\hamcrest-core-1.3.jar;D:\system-data\SOArepository\org\hamcrest\hamcrest-library\1.3\hamcrest-library-1.3.jar;D:\system-data\SOArepository\org\skyscreamer\jsonassert\1.5.0\jsonassert-1.5.0.jar;D:\system-data\SOArepository\com\vaadin\external\google\android-json\0.0.20131108.vaadin1\android-json-0.0.20131108.vaadin1.jar;D:\system-data\SOArepository\org\springframework\spring-core\5.1.8.RELEASE\spring-core-5.1.8.RELEASE.jar;D:\system-data\SOArepository\org\springframework\spring-jcl\5.1.8.RELEASE\spring-jcl-5.1.8.RELEASE.jar;D:\system-data\SOArepository\org\springframework\spring-test\5.1.8.RELEASE\spring-test-5.1.8.RELEASE.jar;D:\system-data\SOArepository\org\xmlunit\xmlunit-core\2.6.2\xmlunit-core-2.6.2.jar;D:\system-data\SOArepository\org\projectlombok\lombok\1.16.10\lombok-1.16.10.jar;D:\system-data\SOArepository\org\apache\rocketmq\rocketmq-spring-boot-starter\2.0.1\rocketmq-spring-boot-starter-2.0.1.jar;D:\system-data\SOArepository\org\apache\rocketmq\rocketmq-spring-boot\2.0.1\rocketmq-spring-boot-2.0.1.jar;D:\system-data\SOArepository\org\apache\rocketmq\rocketmq-client\4.3.2\rocketmq-client-4.3.2.jar;D:\system-data\SOArepository\org\apache\rocketmq\rocketmq-common\4.3.2\rocketmq-common-4.3.2.jar;D:\system-data\SOArepository\org\apache\rocketmq\rocketmq-remoting\4.3.2\rocketmq-remoting-4.3.2.jar;D:\system-data\SOArepository\com\alibaba\fastjson\1.2.51\fastjson-1.2.51.jar;D:\system-data\SOArepository\io\netty\netty-all\4.1.36.Final\netty-all-4.1.36.Final.jar;D:\system-data\SOArepository\org\apache\rocketmq\rocketmq-logging\4.3.2\rocketmq-logging-4.3.2.jar;D:\system-data\SOArepository\io\netty\netty-tcnative-boringssl-static\2.0.25.Final\netty-tcnative-boringssl-static-2.0.25.Final.jar;D:\system-data\SOArepository\org\apache\commons\commons-lang3\3.8.1\commons-lang3-3.8.1.jar;D:\system-data\SOArepository\org\springframework\spring-messaging\5.1.8.RELEASE\spring-messaging-5.1.8.RELEASE.jar;D:\system-data\SOArepository\org\springframework\boot\spring-boot-starter-validation\2.1.6.RELEASE\spring-boot-starter-validation-2.1.6.RELEASE.jar;D:\system-data\SOArepository\commons-validator\commons-validator\1.6\commons-validator-1.6.jar;D:\system-data\SOArepository\commons-beanutils\commons-beanutils\1.9.2\commons-beanutils-1.9.2.jar;D:\system-data\SOArepository\commons-digester\commons-digester\1.8.1\commons-digester-1.8.1.jar;D:\system-data\SOArepository\commons-logging\commons-logging\1.2\commons-logging-1.2.jar;D:\system-data\SOArepository\commons-collections\commons-collections\3.2.2\commons-collections-3.2.2.jar;"/>
    <property name="sun.cpu.endian" value="little"/>
    <property name="user.home" value="C:\Users\liyb"/>
    <property name="user.language" value="zh"/>
    <property name="java.specification.vendor" value="Oracle Corporation"/>
    <property name="java.home" value="C:\Program Files\Java\jdk1.8.0_92\jre"/>
    <property name="basedir" value="D:\program-workplace\github_place\DemoCode\maven-project"/>
    <property name="file.separator" value="\"/>
    <property name="line.separator" value="&#10;"/>
    <property name="java.vm.specification.vendor" value="Oracle Corporation"/>
    <property name="java.specification.name" value="Java Platform API Specification"/>
    <property name="java.awt.graphicsenv" value="sun.awt.Win32GraphicsEnvironment"/>
    <property name="surefire.real.class.path" value="C:\Users\liyb\AppData\Local\Temp\surefire9040841606712062190\surefirebooter8130982798683611679.jar"/>
    <property name="idea.version2020.1.4" value="true"/>
    <property name="sun.boot.class.path" value="C:\Program Files\Java\jdk1.8.0_92\jre\lib\resources.jar;C:\Program Files\Java\jdk1.8.0_92\jre\lib\rt.jar;C:\Program Files\Java\jdk1.8.0_92\jre\lib\sunrsasign.jar;C:\Program Files\Java\jdk1.8.0_92\jre\lib\jsse.jar;C:\Program Files\Java\jdk1.8.0_92\jre\lib\jce.jar;C:\Program Files\Java\jdk1.8.0_92\jre\lib\charsets.jar;C:\Program Files\Java\jdk1.8.0_92\jre\lib\jfr.jar;C:\Program Files\Java\jdk1.8.0_92\jre\classes"/>
    <property name="user.script" value=""/>
    <property name="sun.management.compiler" value="HotSpot 64-Bit Tiered Compilers"/>
    <property name="java.runtime.version" value="1.8.0_92-b14"/>
    <property name="user.name" value="liyb"/>
    <property name="path.separator" value=";"/>
    <property name="os.version" value="10.0"/>
    <property name="java.endorsed.dirs" value="C:\Program Files\Java\jdk1.8.0_92\jre\lib\endorsed"/>
    <property name="java.runtime.name" value="Java(TM) SE Runtime Environment"/>
    <property name="file.encoding" value="GBK"/>
    <property name="java.vm.name" value="Java HotSpot(TM) 64-Bit Server VM"/>
    <property name="localRepository" value="D:\system-data\SOArepository"/>
    <property name="java.vendor.url.bug" value="http://bugreport.sun.com/bugreport/"/>
    <property name="java.io.tmpdir" value="C:\Users\liyb\AppData\Local\Temp\"/>
    <property name="java.version" value="1.8.0_92"/>
    <property name="user.dir" value="D:\program-workplace\github_place\DemoCode\maven-project"/>
    <property name="os.arch" value="amd64"/>
    <property name="java.vm.specification.name" value="Java Virtual Machine Specification"/>
    <property name="java.awt.printerjob" value="sun.awt.windows.WPrinterJob"/>
    <property name="sun.os.patch.level" value=""/>
    <property name="java.library.path" value="C:\Program Files\Java\jdk1.8.0_92\jre\bin;C:\WINDOWS\Sun\Java\bin;C:\WINDOWS\system32;C:\WINDOWS;C:\ProgramData\DockerDesktop\version-bin;C:\Program Files\Docker\Docker\Resources\bin;C:\ProgramData\Oracle\Java\javapath;C:\Windows\system32;C:\Windows;C:\Windows\System32\Wbem;C:\Windows\System32\WindowsPowerShell\v1.0\;C:\Windows\System32\OpenSSH\;C:\Program Files (x86)\NVIDIA Corporation\PhysX\Common;&quot;C:\Program Files\Java\jdk1.8.0_92\bin;&quot;;&quot;C:\Program Files\Java\jdk1.8.0_92\jre\bin;C:\Program Files\MySQL\MySQL Server 8.0\bin;D:\soft-program\idea\IntelliJ IDEA 2017.3.2\plugins\maven\lib\maven3\bin;D:\soft-work\apache-cxf-3.3.2\bin;D:\soft-program\scala-2.13.0-M1\bin;D:\soft-program\gradle-3.1\bin;C:\WINDOWS\system32;C:\WINDOWS;C:\WINDOWS\System32\Wbem;C:\WINDOWS\System32\WindowsPowerShell\v1.0\;C:\WINDOWS\System32\OpenSSH\&quot;;D:\soft-program\jad;C:\Program Files\Microsoft\Web Platform Installer\;D:\soft-program\nodejs\;C:\Program Files\Pandoc\;D:\soft-program\apache-maven-3.6.3\bin;D:\soft-program\TortoiseGit\bin;D:\soft-program\Git\cmd;;C:\Program Files\NVIDIA Corporation\NVIDIA NvDLISR;C:\WINDOWS\system32;C:\WINDOWS;C:\WINDOWS\System32\Wbem;C:\WINDOWS\System32\WindowsPowerShell\v1.0\;C:\WINDOWS\System32\OpenSSH\;C:\Users\liyb\AppData\Local\Microsoft\WindowsApps;D:\soft-program\nodejs;C:\Users\liyb\AppData\Roaming\npm;D:\soft-program\idea2\IntelliJ IDEA 2020.1.4\bin;;;."/>
    <property name="java.vm.info" value="mixed mode"/>
    <property name="java.vendor" value="Oracle Corporation"/>
    <property name="java.vm.version" value="25.92-b14"/>
    <property name="java.ext.dirs" value="C:\Program Files\Java\jdk1.8.0_92\jre\lib\ext;C:\WINDOWS\Sun\Java\lib\ext"/>
    <property name="sun.io.unicode.encoding" value="UnicodeLittle"/>
    <property name="java.class.version" value="52.0"/>
  </properties>
  <testcase name="mybatisTest" classname="com.leekoko.nytzj.flow.dao.YwFlowRelationDaoTest" time="1.21"/>
</testsuite>